2018-Mar-11 00:50:38.852939 INFO    [simplewallet] forknote wallet v2.1.2.1251 ()
2018-Mar-11 00:50:58.105747 ERROR   [simplewallet] Error: wallet failed to connect to daemon (http://localhost:6756).
2018-Mar-11 00:50:58.159075 INFO    [simplewallet] Generated new wallet: TRTLMRNEfo3eEk5RoLGTb28ndWCabm26rLhWJwHxU26iRrFvxF5MDrQLBhKyrxWiKxK6bRiiCTeRWe81ExHcXTFjJfBwcGKY5nJ1PnYV
2018-Mar-11 00:50:58.159075 INFO    [simplewallet] view key: d1745a8296a274a24b0e1299543cb44653d157f4989e8021819b2685c93b7205
2018-Mar-11 00:50:58.159360 INFO    [simplewallet] **********************************************************************
Your wallet has been generated.
Use "help" command to see the list of available commands.
Always use "exit" command when closing simplewallet to save
current session's state. Otherwise, you will possibly need to synchronize 
your wallet again. Your wallet key is NOT under risk anyway.
**********************************************************************
2018-Mar-11 00:51:08.333281 INFO    [simplewallet] Wallet closed
2018-Mar-11 00:51:15.466174 INFO    [simplewallet] forknote wallet v2.1.2.1251 ()
2018-Mar-11 00:51:28.655236 INFO    [simplewallet] Loading wallet...
2018-Mar-11 00:51:28.656336 ERROR   [simplewallet] Error: wallet failed to connect to daemon (http://localhost:6756).
2018-Mar-11 00:51:28.711760 INFO    [simplewallet] Opened wallet: TRTLMRNEfo3eEk5RoLGTb28ndWCabm26rLhWJwHxU26iRrFvxF5MDrQLBhKyrxWiKxK6bRiiCTeRWe81ExHcXTFjJfBwcGKY5nJ1PnYV
2018-Mar-11 00:51:28.711865 INFO    [simplewallet] **********************************************************************
Use "help" command to see the list of available commands.
**********************************************************************
2018-Mar-11 00:51:43.698772 INFO    [simplewallet] Wallet closed
